DEBUG - 2026-03-20 01:22:05 --> Session: Class initialized using 'CodeIgniter\Session\Handlers\FileHandler' driver.
DEBUG - 2026-03-20 01:22:05 --> Session: Class initialized using 'CodeIgniter\Session\Handlers\FileHandler' driver.
DEBUG - 2026-03-20 01:22:34 --> Session: Class initialized using 'CodeIgniter\Session\Handlers\FileHandler' driver.
INFO - 2026-03-20 01:22:34 --> User logged in: admin (ID: 1)
DEBUG - 2026-03-20 01:22:34 --> Session: Class initialized using 'CodeIgniter\Session\Handlers\FileHandler' driver.
DEBUG - 2026-03-20 01:22:42 --> Session: Class initialized using 'CodeIgniter\Session\Handlers\FileHandler' driver.
DEBUG - 2026-03-20 01:22:43 --> Session: Class initialized using 'CodeIgniter\Session\Handlers\FileHandler' driver.
DEBUG - 2026-03-20 01:22:48 --> Session: Class initialized using 'CodeIgniter\Session\Handlers\FileHandler' driver.
DEBUG - 2026-03-20 01:22:49 --> Session: Class initialized using 'CodeIgniter\Session\Handlers\FileHandler' driver.
DEBUG - 2026-03-20 01:22:54 --> Session: Class initialized using 'CodeIgniter\Session\Handlers\FileHandler' driver.
DEBUG - 2026-03-20 01:22:57 --> Session: Class initialized using 'CodeIgniter\Session\Handlers\FileHandler' driver.
DEBUG - 2026-03-20 01:22:58 --> Session: Class initialized using 'CodeIgniter\Session\Handlers\FileHandler' driver.
INFO - 2026-03-20 01:23:24 --> Process sale method called
DEBUG - 2026-03-20 01:23:24 --> Session: Class initialized using 'CodeIgniter\Session\Handlers\FileHandler' driver.
INFO - 2026-03-20 01:23:24 --> JSON parsed directly from request
INFO - 2026-03-20 01:23:24 --> Backend age calculation - Birthdate: 2008-03-20, Calculated Age: 17
INFO - 2026-03-20 01:23:24 --> Allowing sale - customer appears to be 17 but likely 18 (timezone/calculation difference)
INFO - 2026-03-20 01:23:24 --> Age verification passed. Customer age: 17
INFO - 2026-03-20 01:23:24 --> Cart items count: 2
INFO - 2026-03-20 01:23:24 --> Cart item 0 converted from object to array
INFO - 2026-03-20 01:23:24 --> Cart item 1 converted from object to array
INFO - 2026-03-20 01:23:24 --> Starting database transaction
INFO - 2026-03-20 01:23:24 --> Totals calculated - Subtotal: 1750, Tax: 175, Total: 1925
INFO - 2026-03-20 01:23:24 --> Payment validated - Amount paid: ₱2000, Change: ₱75
INFO - 2026-03-20 01:23:24 --> Generated sale code: SALE-20260320-3306
INFO - 2026-03-20 01:23:24 --> Inserting sale record
INFO - 2026-03-20 01:23:24 --> Sale inserted with ID: 7
INFO - 2026-03-20 01:23:24 --> Inserting sale item: MINICAN (ID: 26)
INFO - 2026-03-20 01:23:24 --> Updating stock for product ID: 26, quantity: 1
INFO - 2026-03-20 01:23:24 --> Inserting sale item: SMOK NOVO KIT (ID: 30)
INFO - 2026-03-20 01:23:24 --> Updating stock for product ID: 30, quantity: 1
INFO - 2026-03-20 01:23:24 --> Transaction completed successfully
INFO - 2026-03-20 01:23:24 --> Response data prepared: {"success":true,"message":"Sale processed successfully!","sale":{"sale_code":"SALE-20260320-3306","subtotal":1750,"tax_amount":175,"total_amount":1925,"amount_paid":2000,"change_amount":75,"items":[{"name":"MINICAN","quantity":1,"price":800},{"name":"SMOK NOVO KIT","quantity":1,"price":950}],"created_at":"2026-03-20 01:23:24"}}
DEBUG - 2026-03-20 01:25:17 --> Session: Class initialized using 'CodeIgniter\Session\Handlers\FileHandler' driver.
DEBUG - 2026-03-20 01:28:05 --> Session: Class initialized using 'CodeIgniter\Session\Handlers\FileHandler' driver.
DEBUG - 2026-03-20 01:28:58 --> Session: Class initialized using 'CodeIgniter\Session\Handlers\FileHandler' driver.
DEBUG - 2026-03-20 01:30:32 --> Session: Class initialized using 'CodeIgniter\Session\Handlers\FileHandler' driver.
DEBUG - 2026-03-20 01:30:35 --> Session: Class initialized using 'CodeIgniter\Session\Handlers\FileHandler' driver.
DEBUG - 2026-03-20 01:30:38 --> Session: Class initialized using 'CodeIgniter\Session\Handlers\FileHandler' driver.
DEBUG - 2026-03-20 01:30:52 --> Session: Class initialized using 'CodeIgniter\Session\Handlers\FileHandler' driver.
DEBUG - 2026-03-20 01:31:14 --> Session: Class initialized using 'CodeIgniter\Session\Handlers\FileHandler' driver.
DEBUG - 2026-03-20 01:31:24 --> Session: Class initialized using 'CodeIgniter\Session\Handlers\FileHandler' driver.
DEBUG - 2026-03-20 01:34:14 --> Session: Class initialized using 'CodeIgniter\Session\Handlers\FileHandler' driver.
DEBUG - 2026-03-20 01:36:35 --> Session: Class initialized using 'CodeIgniter\Session\Handlers\FileHandler' driver.
DEBUG - 2026-03-20 01:36:53 --> Session: Class initialized using 'CodeIgniter\Session\Handlers\FileHandler' driver.
DEBUG - 2026-03-20 01:36:54 --> Session: Class initialized using 'CodeIgniter\Session\Handlers\FileHandler' driver.
DEBUG - 2026-03-20 01:36:56 --> Session: Class initialized using 'CodeIgniter\Session\Handlers\FileHandler' driver.
INFO - 2026-03-20 01:37:05 --> Process sale method called
DEBUG - 2026-03-20 01:37:05 --> Session: Class initialized using 'CodeIgniter\Session\Handlers\FileHandler' driver.
INFO - 2026-03-20 01:37:05 --> JSON parsed directly from request
INFO - 2026-03-20 01:37:05 --> Backend age calculation - Birthdate: 2008-03-20, Calculated Age: 17
INFO - 2026-03-20 01:37:05 --> Allowing sale - customer appears to be 17 but likely 18 (timezone/calculation difference)
INFO - 2026-03-20 01:37:05 --> Age verification passed. Customer age: 17
INFO - 2026-03-20 01:37:05 --> Cart items count: 3
INFO - 2026-03-20 01:37:05 --> Cart item 0 converted from object to array
INFO - 2026-03-20 01:37:05 --> Cart item 1 converted from object to array
INFO - 2026-03-20 01:37:05 --> Cart item 2 converted from object to array
INFO - 2026-03-20 01:37:05 --> Starting database transaction
INFO - 2026-03-20 01:37:05 --> Totals calculated - Subtotal: 2050, Tax: 205, Total: 2255
INFO - 2026-03-20 01:37:05 --> Payment validated - Amount paid: ₱3000, Change: ₱745
INFO - 2026-03-20 01:37:05 --> Generated sale code: SALE-20260320-7510
INFO - 2026-03-20 01:37:05 --> Inserting sale record
INFO - 2026-03-20 01:37:05 --> Sale inserted with ID: 8
INFO - 2026-03-20 01:37:05 --> Inserting sale item: SMOK NOVO KIT (ID: 30)
INFO - 2026-03-20 01:37:05 --> Updating stock for product ID: 30, quantity: 1
INFO - 2026-03-20 01:37:05 --> Inserting sale item: MINICAN (ID: 26)
INFO - 2026-03-20 01:37:05 --> Updating stock for product ID: 26, quantity: 1
INFO - 2026-03-20 01:37:05 --> Inserting sale item: BLACK V1 BATTERY (ID: 27)
INFO - 2026-03-20 01:37:05 --> Updating stock for product ID: 27, quantity: 1
INFO - 2026-03-20 01:37:05 --> Transaction completed successfully
INFO - 2026-03-20 01:37:05 --> Response data prepared: {"success":true,"message":"Sale processed successfully!","sale":{"sale_code":"SALE-20260320-7510","subtotal":2050,"tax_amount":205,"total_amount":2255,"amount_paid":3000,"change_amount":745,"items":[{"name":"SMOK NOVO KIT","quantity":1,"price":950},{"name":"MINICAN","quantity":1,"price":800},{"name":"BLACK V1 BATTERY","quantity":1,"price":300}],"created_at":"2026-03-20 01:37:05"}}
DEBUG - 2026-03-20 01:37:26 --> Session: Class initialized using 'CodeIgniter\Session\Handlers\FileHandler' driver.
DEBUG - 2026-03-20 01:39:59 --> Session: Class initialized using 'CodeIgniter\Session\Handlers\FileHandler' driver.
DEBUG - 2026-03-20 01:40:03 --> Session: Class initialized using 'CodeIgniter\Session\Handlers\FileHandler' driver.
DEBUG - 2026-03-20 01:40:11 --> Session: Class initialized using 'CodeIgniter\Session\Handlers\FileHandler' driver.
DEBUG - 2026-03-20 01:40:13 --> Session: Class initialized using 'CodeIgniter\Session\Handlers\FileHandler' driver.
DEBUG - 2026-03-20 01:40:15 --> Session: Class initialized using 'CodeIgniter\Session\Handlers\FileHandler' driver.
INFO - 2026-03-20 01:40:27 --> Process sale method called
DEBUG - 2026-03-20 01:40:27 --> Session: Class initialized using 'CodeIgniter\Session\Handlers\FileHandler' driver.
INFO - 2026-03-20 01:40:27 --> JSON parsed directly from request
INFO - 2026-03-20 01:40:27 --> Backend age calculation - Birthdate: 2008-03-20, Calculated Age: 17
INFO - 2026-03-20 01:40:27 --> Allowing sale - customer appears to be 17 but likely 18 (timezone/calculation difference)
INFO - 2026-03-20 01:40:27 --> Age verification passed. Customer age: 17
INFO - 2026-03-20 01:40:27 --> Cart items count: 3
INFO - 2026-03-20 01:40:27 --> Cart item 0 converted from object to array
INFO - 2026-03-20 01:40:27 --> Cart item 1 converted from object to array
INFO - 2026-03-20 01:40:27 --> Cart item 2 converted from object to array
INFO - 2026-03-20 01:40:27 --> Starting database transaction
INFO - 2026-03-20 01:40:27 --> Totals calculated - Subtotal: 2050, Tax: 205, Total: 2255
INFO - 2026-03-20 01:40:27 --> Payment validated - Amount paid: ₱3000, Change: ₱745
INFO - 2026-03-20 01:40:27 --> Generated sale code: SALE-20260320-7129
INFO - 2026-03-20 01:40:27 --> Inserting sale record
INFO - 2026-03-20 01:40:27 --> Sale inserted with ID: 9
INFO - 2026-03-20 01:40:27 --> Inserting sale item: SMOK NOVO KIT (ID: 30)
INFO - 2026-03-20 01:40:27 --> Updating stock for product ID: 30, quantity: 1
INFO - 2026-03-20 01:40:27 --> Inserting sale item: MINICAN (ID: 26)
INFO - 2026-03-20 01:40:27 --> Updating stock for product ID: 26, quantity: 1
INFO - 2026-03-20 01:40:27 --> Inserting sale item: BLACK V1 BATTERY (ID: 27)
INFO - 2026-03-20 01:40:27 --> Updating stock for product ID: 27, quantity: 1
INFO - 2026-03-20 01:40:27 --> Transaction completed successfully
INFO - 2026-03-20 01:40:27 --> Response data prepared: {"success":true,"message":"Sale processed successfully!","sale":{"sale_code":"SALE-20260320-7129","subtotal":2050,"tax_amount":205,"total_amount":2255,"amount_paid":3000,"change_amount":745,"items":[{"name":"SMOK NOVO KIT","quantity":1,"price":950},{"name":"MINICAN","quantity":1,"price":800},{"name":"BLACK V1 BATTERY","quantity":1,"price":300}],"created_at":"2026-03-20 01:40:27"}}
DEBUG - 2026-03-20 01:41:43 --> Session: Class initialized using 'CodeIgniter\Session\Handlers\FileHandler' driver.
DEBUG - 2026-03-20 01:43:32 --> Session: Class initialized using 'CodeIgniter\Session\Handlers\FileHandler' driver.
DEBUG - 2026-03-20 01:45:22 --> Session: Class initialized using 'CodeIgniter\Session\Handlers\FileHandler' driver.
DEBUG - 2026-03-20 01:47:05 --> Session: Class initialized using 'CodeIgniter\Session\Handlers\FileHandler' driver.
DEBUG - 2026-03-20 01:49:48 --> Session: Class initialized using 'CodeIgniter\Session\Handlers\FileHandler' driver.
DEBUG - 2026-03-20 01:50:56 --> Session: Class initialized using 'CodeIgniter\Session\Handlers\FileHandler' driver.
DEBUG - 2026-03-20 01:52:50 --> Session: Class initialized using 'CodeIgniter\Session\Handlers\FileHandler' driver.
DEBUG - 2026-03-20 01:53:29 --> Session: Class initialized using 'CodeIgniter\Session\Handlers\FileHandler' driver.
DEBUG - 2026-03-20 01:53:40 --> Session: Class initialized using 'CodeIgniter\Session\Handlers\FileHandler' driver.
DEBUG - 2026-03-20 01:53:40 --> Session: Class initialized using 'CodeIgniter\Session\Handlers\FileHandler' driver.
DEBUG - 2026-03-20 01:53:42 --> Session: Class initialized using 'CodeIgniter\Session\Handlers\FileHandler' driver.
DEBUG - 2026-03-20 01:53:44 --> Session: Class initialized using 'CodeIgniter\Session\Handlers\FileHandler' driver.
DEBUG - 2026-03-20 01:55:17 --> Session: Class initialized using 'CodeIgniter\Session\Handlers\FileHandler' driver.
DEBUG - 2026-03-20 01:56:09 --> Session: Class initialized using 'CodeIgniter\Session\Handlers\FileHandler' driver.
DEBUG - 2026-03-20 02:00:31 --> Session: Class initialized using 'CodeIgniter\Session\Handlers\FileHandler' driver.
DEBUG - 2026-03-20 02:01:37 --> Session: Class initialized using 'CodeIgniter\Session\Handlers\FileHandler' driver.
DEBUG - 2026-03-20 02:02:27 --> Session: Class initialized using 'CodeIgniter\Session\Handlers\FileHandler' driver.
DEBUG - 2026-03-20 02:03:06 --> Session: Class initialized using 'CodeIgniter\Session\Handlers\FileHandler' driver.
DEBUG - 2026-03-20 02:03:13 --> Session: Class initialized using 'CodeIgniter\Session\Handlers\FileHandler' driver.
DEBUG - 2026-03-20 02:03:15 --> Session: Class initialized using 'CodeIgniter\Session\Handlers\FileHandler' driver.
DEBUG - 2026-03-20 02:03:16 --> Session: Class initialized using 'CodeIgniter\Session\Handlers\FileHandler' driver.
DEBUG - 2026-03-20 02:03:17 --> Session: Class initialized using 'CodeIgniter\Session\Handlers\FileHandler' driver.
DEBUG - 2026-03-20 02:03:17 --> Session: Class initialized using 'CodeIgniter\Session\Handlers\FileHandler' driver.
DEBUG - 2026-03-20 02:03:18 --> Session: Class initialized using 'CodeIgniter\Session\Handlers\FileHandler' driver.
INFO - 2026-03-20 02:03:31 --> Process sale method called
DEBUG - 2026-03-20 02:03:31 --> Session: Class initialized using 'CodeIgniter\Session\Handlers\FileHandler' driver.
INFO - 2026-03-20 02:03:31 --> JSON parsed directly from request
INFO - 2026-03-20 02:03:31 --> Backend age calculation - Birthdate: 2008-03-20, Calculated Age: 17
INFO - 2026-03-20 02:03:31 --> Allowing sale - customer appears to be 17 but likely 18 (timezone/calculation difference)
INFO - 2026-03-20 02:03:31 --> Age verification passed. Customer age: 17
INFO - 2026-03-20 02:03:31 --> Cart items count: 4
INFO - 2026-03-20 02:03:31 --> Cart item 0 converted from object to array
INFO - 2026-03-20 02:03:31 --> Cart item 1 converted from object to array
INFO - 2026-03-20 02:03:31 --> Cart item 2 converted from object to array
INFO - 2026-03-20 02:03:31 --> Cart item 3 converted from object to array
INFO - 2026-03-20 02:03:31 --> Starting database transaction
INFO - 2026-03-20 02:03:31 --> Totals calculated - Subtotal: 3045, Tax: 304.5, Total: 3349.5
INFO - 2026-03-20 02:03:31 --> Payment validated - Amount paid: ₱5000, Change: ₱1650.5
INFO - 2026-03-20 02:03:31 --> Generated sale code: SALE-20260320-7487
INFO - 2026-03-20 02:03:31 --> Inserting sale record
INFO - 2026-03-20 02:03:31 --> Sale inserted with ID: 10
INFO - 2026-03-20 02:03:31 --> Inserting sale item: SMOK NOVO KIT (ID: 30)
INFO - 2026-03-20 02:03:31 --> Updating stock for product ID: 30, quantity: 1
INFO - 2026-03-20 02:03:31 --> Inserting sale item: MINICAN (ID: 26)
INFO - 2026-03-20 02:03:31 --> Updating stock for product ID: 26, quantity: 1
INFO - 2026-03-20 02:03:31 --> Inserting sale item: BLACK V1 BATTERY (ID: 27)
INFO - 2026-03-20 02:03:31 --> Updating stock for product ID: 27, quantity: 3
INFO - 2026-03-20 02:03:31 --> Inserting sale item: X-VAPE SLIMBAR DEVICE (ID: 28)
INFO - 2026-03-20 02:03:31 --> Updating stock for product ID: 28, quantity: 1
INFO - 2026-03-20 02:03:31 --> Transaction completed successfully
INFO - 2026-03-20 02:03:31 --> Response data prepared: {"success":true,"message":"Sale processed successfully!","sale":{"sale_code":"SALE-20260320-7487","subtotal":3045,"tax_amount":304.5,"total_amount":3349.5,"amount_paid":5000,"change_amount":1650.5,"items":[{"name":"SMOK NOVO KIT","quantity":1,"price":950},{"name":"MINICAN","quantity":1,"price":800},{"name":"BLACK V1 BATTERY","quantity":3,"price":300},{"name":"X-VAPE SLIMBAR DEVICE","quantity":1,"price":395}],"created_at":"2026-03-20 02:03:31"}}
DEBUG - 2026-03-20 02:04:28 --> Session: Class initialized using 'CodeIgniter\Session\Handlers\FileHandler' driver.
DEBUG - 2026-03-20 02:04:38 --> Session: Class initialized using 'CodeIgniter\Session\Handlers\FileHandler' driver.
DEBUG - 2026-03-20 02:04:56 --> Session: Class initialized using 'CodeIgniter\Session\Handlers\FileHandler' driver.
DEBUG - 2026-03-20 02:04:57 --> Session: Class initialized using 'CodeIgniter\Session\Handlers\FileHandler' driver.
DEBUG - 2026-03-20 02:05:06 --> Session: Class initialized using 'CodeIgniter\Session\Handlers\FileHandler' driver.
DEBUG - 2026-03-20 02:06:05 --> Session: Class initialized using 'CodeIgniter\Session\Handlers\FileHandler' driver.
DEBUG - 2026-03-20 02:06:55 --> Session: Class initialized using 'CodeIgniter\Session\Handlers\FileHandler' driver.
DEBUG - 2026-03-20 02:08:30 --> Session: Class initialized using 'CodeIgniter\Session\Handlers\FileHandler' driver.
DEBUG - 2026-03-20 02:08:38 --> Session: Class initialized using 'CodeIgniter\Session\Handlers\FileHandler' driver.
DEBUG - 2026-03-20 02:08:40 --> Session: Class initialized using 'CodeIgniter\Session\Handlers\FileHandler' driver.
DEBUG - 2026-03-20 02:08:40 --> Session: Class initialized using 'CodeIgniter\Session\Handlers\FileHandler' driver.
INFO - 2026-03-20 02:08:46 --> Process sale method called
DEBUG - 2026-03-20 02:08:46 --> Session: Class initialized using 'CodeIgniter\Session\Handlers\FileHandler' driver.
INFO - 2026-03-20 02:08:46 --> JSON parsed directly from request
INFO - 2026-03-20 02:08:46 --> Backend age calculation - Birthdate: 2008-03-20, Calculated Age: 17
INFO - 2026-03-20 02:08:46 --> Allowing sale - customer appears to be 17 but likely 18 (timezone/calculation difference)
INFO - 2026-03-20 02:08:46 --> Age verification passed. Customer age: 17
INFO - 2026-03-20 02:08:46 --> Cart items count: 3
INFO - 2026-03-20 02:08:46 --> Cart item 0 converted from object to array
INFO - 2026-03-20 02:08:46 --> Cart item 1 converted from object to array
INFO - 2026-03-20 02:08:46 --> Cart item 2 converted from object to array
INFO - 2026-03-20 02:08:46 --> Starting database transaction
INFO - 2026-03-20 02:08:46 --> Totals calculated - Subtotal: 2950, Tax: 295, Total: 3245
INFO - 2026-03-20 02:08:46 --> Payment validated - Amount paid: ₱10000, Change: ₱6755
INFO - 2026-03-20 02:08:46 --> Generated sale code: SALE-20260320-6667
INFO - 2026-03-20 02:08:46 --> Inserting sale record
INFO - 2026-03-20 02:08:46 --> Sale inserted with ID: 11
INFO - 2026-03-20 02:08:46 --> Inserting sale item: VOOPOO DRAG KIT (ID: 29)
INFO - 2026-03-20 02:08:46 --> Updating stock for product ID: 29, quantity: 1
INFO - 2026-03-20 02:08:46 --> Inserting sale item: MINICAN (ID: 26)
INFO - 2026-03-20 02:08:46 --> Updating stock for product ID: 26, quantity: 1
INFO - 2026-03-20 02:08:46 --> Inserting sale item: SMOK NOVO KIT (ID: 30)
INFO - 2026-03-20 02:08:46 --> Updating stock for product ID: 30, quantity: 1
INFO - 2026-03-20 02:08:46 --> Transaction completed successfully
INFO - 2026-03-20 02:08:46 --> Response data prepared: {"success":true,"message":"Sale processed successfully!","sale":{"sale_code":"SALE-20260320-6667","subtotal":2950,"tax_amount":295,"total_amount":3245,"amount_paid":10000,"change_amount":6755,"items":[{"name":"VOOPOO DRAG KIT","quantity":1,"price":1200},{"name":"MINICAN","quantity":1,"price":800},{"name":"SMOK NOVO KIT","quantity":1,"price":950}],"created_at":"2026-03-20 02:08:46"}}
DEBUG - 2026-03-20 02:09:39 --> Session: Class initialized using 'CodeIgniter\Session\Handlers\FileHandler' driver.
DEBUG - 2026-03-20 02:11:09 --> Session: Class initialized using 'CodeIgniter\Session\Handlers\FileHandler' driver.
DEBUG - 2026-03-20 02:11:18 --> Session: Class initialized using 'CodeIgniter\Session\Handlers\FileHandler' driver.
DEBUG - 2026-03-20 02:12:16 --> Session: Class initialized using 'CodeIgniter\Session\Handlers\FileHandler' driver.
DEBUG - 2026-03-20 02:12:43 --> Session: Class initialized using 'CodeIgniter\Session\Handlers\FileHandler' driver.
DEBUG - 2026-03-20 02:12:48 --> Session: Class initialized using 'CodeIgniter\Session\Handlers\FileHandler' driver.
DEBUG - 2026-03-20 02:14:32 --> Session: Class initialized using 'CodeIgniter\Session\Handlers\FileHandler' driver.
DEBUG - 2026-03-20 02:14:46 --> Session: Class initialized using 'CodeIgniter\Session\Handlers\FileHandler' driver.
DEBUG - 2026-03-20 02:14:57 --> Session: Class initialized using 'CodeIgniter\Session\Handlers\FileHandler' driver.
INFO - 2026-03-20 02:15:13 --> Process sale method called
DEBUG - 2026-03-20 02:15:13 --> Session: Class initialized using 'CodeIgniter\Session\Handlers\FileHandler' driver.
INFO - 2026-03-20 02:15:13 --> JSON parsed directly from request
INFO - 2026-03-20 02:15:13 --> Backend age calculation - Birthdate: 2008-03-20, Calculated Age: 17
INFO - 2026-03-20 02:15:13 --> Allowing sale - customer appears to be 17 but likely 18 (timezone/calculation difference)
INFO - 2026-03-20 02:15:13 --> Age verification passed. Customer age: 17
INFO - 2026-03-20 02:15:13 --> Cart items count: 2
INFO - 2026-03-20 02:15:13 --> Cart item 0 converted from object to array
INFO - 2026-03-20 02:15:13 --> Cart item 1 converted from object to array
INFO - 2026-03-20 02:15:13 --> Starting database transaction
INFO - 2026-03-20 02:15:13 --> Totals calculated - Subtotal: 1150, Tax: 115, Total: 1265
INFO - 2026-03-20 02:15:13 --> Payment validated - Amount paid: ₱2500, Change: ₱1235
INFO - 2026-03-20 02:15:13 --> Generated sale code: SALE-20260320-7282
INFO - 2026-03-20 02:15:13 --> Inserting sale record
INFO - 2026-03-20 02:15:13 --> Sale inserted with ID: 12
INFO - 2026-03-20 02:15:13 --> Inserting sale item: MINICAN (ID: 26)
INFO - 2026-03-20 02:15:13 --> Updating stock for product ID: 26, quantity: 1
INFO - 2026-03-20 02:15:13 --> Inserting sale item: BLACK ELITE V2 - Grape (8000 puffs) (ID: 22)
INFO - 2026-03-20 02:15:13 --> Updating stock for product ID: 22, quantity: 1
INFO - 2026-03-20 02:15:13 --> Transaction completed successfully
INFO - 2026-03-20 02:15:13 --> Response data prepared: {"success":true,"message":"Sale processed successfully!","sale":{"sale_code":"SALE-20260320-7282","subtotal":1150,"tax_amount":115,"total_amount":1265,"amount_paid":2500,"change_amount":1235,"items":[{"name":"MINICAN","quantity":1,"price":800},{"name":"BLACK ELITE V2 - Grape (8000 puffs)","quantity":1,"price":350}],"created_at":"2026-03-20 02:15:13"}}
DEBUG - 2026-03-20 02:15:38 --> Session: Class initialized using 'CodeIgniter\Session\Handlers\FileHandler' driver.
DEBUG - 2026-03-20 02:22:40 --> Session: Class initialized using 'CodeIgniter\Session\Handlers\FileHandler' driver.
DEBUG - 2026-03-20 02:26:37 --> Session: Class initialized using 'CodeIgniter\Session\Handlers\FileHandler' driver.
DEBUG - 2026-03-20 02:28:46 --> Session: Class initialized using 'CodeIgniter\Session\Handlers\FileHandler' driver.
DEBUG - 2026-03-20 02:30:33 --> Session: Class initialized using 'CodeIgniter\Session\Handlers\FileHandler' driver.
DEBUG - 2026-03-20 02:31:09 --> Session: Class initialized using 'CodeIgniter\Session\Handlers\FileHandler' driver.
DEBUG - 2026-03-20 02:32:46 --> Session: Class initialized using 'CodeIgniter\Session\Handlers\FileHandler' driver.
DEBUG - 2026-03-20 02:40:15 --> Session: Class initialized using 'CodeIgniter\Session\Handlers\FileHandler' driver.
DEBUG - 2026-03-20 02:42:00 --> Session: Class initialized using 'CodeIgniter\Session\Handlers\FileHandler' driver.
DEBUG - 2026-03-20 02:43:19 --> Session: Class initialized using 'CodeIgniter\Session\Handlers\FileHandler' driver.
DEBUG - 2026-03-20 02:45:06 --> Session: Class initialized using 'CodeIgniter\Session\Handlers\FileHandler' driver.
DEBUG - 2026-03-20 02:46:00 --> Session: Class initialized using 'CodeIgniter\Session\Handlers\FileHandler' driver.
DEBUG - 2026-03-20 02:47:09 --> Session: Class initialized using 'CodeIgniter\Session\Handlers\FileHandler' driver.
DEBUG - 2026-03-20 02:48:34 --> Session: Class initialized using 'CodeIgniter\Session\Handlers\FileHandler' driver.
DEBUG - 2026-03-20 02:49:32 --> Session: Class initialized using 'CodeIgniter\Session\Handlers\FileHandler' driver.
DEBUG - 2026-03-20 02:50:04 --> Session: Class initialized using 'CodeIgniter\Session\Handlers\FileHandler' driver.
DEBUG - 2026-03-20 02:50:06 --> Session: Class initialized using 'CodeIgniter\Session\Handlers\FileHandler' driver.
DEBUG - 2026-03-20 02:50:07 --> Session: Class initialized using 'CodeIgniter\Session\Handlers\FileHandler' driver.
DEBUG - 2026-03-20 02:50:09 --> Session: Class initialized using 'CodeIgniter\Session\Handlers\FileHandler' driver.
DEBUG - 2026-03-20 02:50:10 --> Session: Class initialized using 'CodeIgniter\Session\Handlers\FileHandler' driver.
