DEBUG - 2026-02-26 12:15:56 --> Session: Class initialized using 'CodeIgniter\Session\Handlers\FileHandler' driver.
DEBUG - 2026-02-26 12:15:56 --> Session: Class initialized using 'CodeIgniter\Session\Handlers\FileHandler' driver.
DEBUG - 2026-02-26 14:59:13 --> Session: Class initialized using 'CodeIgniter\Session\Handlers\FileHandler' driver.
INFO - 2026-02-26 14:59:13 --> User logged in: staff (ID: 2)
DEBUG - 2026-02-26 14:59:14 --> Session: Class initialized using 'CodeIgniter\Session\Handlers\FileHandler' driver.
DEBUG - 2026-02-26 14:59:20 --> Session: Class initialized using 'CodeIgniter\Session\Handlers\FileHandler' driver.
INFO - 2026-02-26 14:59:24 --> Process sale method called
DEBUG - 2026-02-26 14:59:24 --> Session: Class initialized using 'CodeIgniter\Session\Handlers\FileHandler' driver.
INFO - 2026-02-26 14:59:24 --> JSON parsed directly from request
INFO - 2026-02-26 14:59:24 --> Cart items count: 2
INFO - 2026-02-26 14:59:24 --> Cart item 0 converted from object to array
INFO - 2026-02-26 14:59:24 --> Cart item 1 converted from object to array
INFO - 2026-02-26 14:59:24 --> Starting database transaction
INFO - 2026-02-26 14:59:24 --> Totals calculated - Subtotal: 31.98, Tax: 3.198, Total: 35.178
INFO - 2026-02-26 14:59:24 --> Generated sale code: SALE-20260226-4191
INFO - 2026-02-26 14:59:24 --> Inserting sale record
INFO - 2026-02-26 14:59:25 --> Sale inserted with ID: 7
INFO - 2026-02-26 14:59:25 --> Inserting sale item: Geek Bar Pulse Disposable (ID: 7)
INFO - 2026-02-26 14:59:25 --> Updating stock for product ID: 7, quantity: 1
INFO - 2026-02-26 14:59:25 --> Inserting sale item: Vaporesso XROS Pods (2-pack) (ID: 6)
INFO - 2026-02-26 14:59:25 --> Updating stock for product ID: 6, quantity: 1
INFO - 2026-02-26 14:59:25 --> Transaction completed successfully
INFO - 2026-02-26 14:59:25 --> Response data prepared: {"success":true,"message":"Sale processed successfully!","sale":{"sale_code":"SALE-20260226-4191","subtotal":31.979999999999997,"tax_amount":3.198,"total_amount":35.178,"items":[{"name":"Geek Bar Pulse Disposable","quantity":1,"price":18.99},{"name":"Vaporesso XROS Pods (2-pack)","quantity":1,"price":12.99}],"created_at":"2026-02-26 14:59:25"}}
DEBUG - 2026-02-26 14:59:34 --> Session: Class initialized using 'CodeIgniter\Session\Handlers\FileHandler' driver.
DEBUG - 2026-02-26 14:59:40 --> Session: Class initialized using 'CodeIgniter\Session\Handlers\FileHandler' driver.
INFO - 2026-02-26 14:59:40 --> Loading receipt for sale ID: 7
INFO - 2026-02-26 14:59:40 --> Using session data for receipt
DEBUG - 2026-02-26 14:59:51 --> Session: Class initialized using 'CodeIgniter\Session\Handlers\FileHandler' driver.
DEBUG - 2026-02-26 17:13:40 --> Session: Class initialized using 'CodeIgniter\Session\Handlers\FileHandler' driver.
INFO - 2026-02-26 17:13:40 --> User logged out:  (ID: )
DEBUG - 2026-02-26 17:13:41 --> Session: Class initialized using 'CodeIgniter\Session\Handlers\FileHandler' driver.
DEBUG - 2026-02-26 17:44:14 --> Session: Class initialized using 'CodeIgniter\Session\Handlers\FileHandler' driver.
INFO - 2026-02-26 17:44:15 --> User logged in: admin (ID: 1)
DEBUG - 2026-02-26 17:44:15 --> Session: Class initialized using 'CodeIgniter\Session\Handlers\FileHandler' driver.
DEBUG - 2026-02-26 17:44:56 --> Session: Class initialized using 'CodeIgniter\Session\Handlers\FileHandler' driver.
DEBUG - 2026-02-26 17:45:54 --> Session: Class initialized using 'CodeIgniter\Session\Handlers\FileHandler' driver.
DEBUG - 2026-02-26 17:46:21 --> Session: Class initialized using 'CodeIgniter\Session\Handlers\FileHandler' driver.
DEBUG - 2026-02-26 17:46:22 --> Session: Class initialized using 'CodeIgniter\Session\Handlers\FileHandler' driver.
DEBUG - 2026-02-26 17:46:24 --> Session: Class initialized using 'CodeIgniter\Session\Handlers\FileHandler' driver.
